<?xml version="1.0" encoding="UTF-8"?>
<!-- Generated by org.testng.reporters.JUnitReportReporter -->
<testsuite skipped="0" hostname="SUYPC021" name="com.NewTest" tests="1" failures="0" timestamp="29 May 2018 04:35:52 GMT" time="10.599" errors="0">
  <testcase name="f" time="10.599" classname="com.NewTest"/>
</testsuite> <!-- com.NewTest -->
