<?xml version="1.0" encoding="UTF-8"?>
<!-- Generated by org.testng.reporters.JUnitReportReporter -->
<testsuite name="com.NewTest" tests="1" time="11.220" ignored="0" failures="0" timestamp="29 May 2018 04:55:26 GMT" skipped="0" hostname="SUYPC021" errors="0">
  <testcase name="f" time="11.220" classname="com.NewTest"/>
</testsuite> <!-- com.NewTest -->
